k:\eicg605gamegroupproject\mygame\source\library\debug\vc120.pdb
k:\eicg605gamegroupproject\mygame\source\library\debug\vc120.idb
k:\eicg605gamegroupproject\mygame\source\library\debug\pointlight.obj
k:\eicg605gamegroupproject\mygame\source\library\debug\postprocessingmaterial.obj
k:\eicg605gamegroupproject\mygame\source\library\debug\projectivetexturemappingmaterial.obj
k:\eicg605gamegroupproject\mygame\source\library\debug\projector.obj
k:\eicg605gamegroupproject\mygame\source\library\debug\proxymodel.obj
k:\eicg605gamegroupproject\mygame\source\library\debug\rasterizerstates.obj
k:\eicg605gamegroupproject\mygame\source\library\debug\ray.obj
k:\eicg605gamegroupproject\mygame\source\library\debug\renderablefrustum.obj
k:\eicg605gamegroupproject\mygame\source\library\debug\renderstatehelper.obj
k:\eicg605gamegroupproject\mygame\source\library\debug\rendertarget.obj
k:\eicg605gamegroupproject\mygame\source\library\debug\samplerstates.obj
k:\eicg605gamegroupproject\mygame\source\library\debug\servicecontainer.obj
k:\eicg605gamegroupproject\mygame\source\library\debug\shadowmappingmaterial.obj
k:\eicg605gamegroupproject\mygame\source\library\debug\skybox.obj
k:\eicg605gamegroupproject\mygame\source\library\debug\skyboxmaterial.obj
k:\eicg605gamegroupproject\mygame\source\library\debug\spotlight.obj
k:\eicg605gamegroupproject\mygame\source\library\debug\technique.obj
k:\eicg605gamegroupproject\mygame\source\library\debug\utility.obj
k:\eicg605gamegroupproject\mygame\source\library\debug\variable.obj
k:\eicg605gamegroupproject\mygame\source\library\debug\vectorhelper.obj
k:\eicg605gamegroupproject\mygame\source\library\debug\frustum.obj
k:\eicg605gamegroupproject\mygame\source\library\debug\fullscreenquad.obj
k:\eicg605gamegroupproject\mygame\source\library\debug\fullscreenrendertarget.obj
k:\eicg605gamegroupproject\mygame\source\library\debug\game.obj
k:\eicg605gamegroupproject\mygame\source\library\debug\gameclock.obj
k:\eicg605gamegroupproject\mygame\source\library\debug\gamecomponent.obj
k:\eicg605gamegroupproject\mygame\source\library\debug\gameexception.obj
k:\eicg605gamegroupproject\mygame\source\library\debug\gametime.obj
k:\eicg605gamegroupproject\mygame\source\library\debug\gaussianblur.obj
k:\eicg605gamegroupproject\mygame\source\library\debug\gaussianblurmaterial.obj
k:\eicg605gamegroupproject\mygame\source\library\debug\grid.obj
k:\eicg605gamegroupproject\mygame\source\library\debug\keyboard.obj
k:\eicg605gamegroupproject\mygame\source\library\debug\light.obj
k:\eicg605gamegroupproject\mygame\source\library\debug\material.obj
k:\eicg605gamegroupproject\mygame\source\library\debug\matrixhelper.obj
k:\eicg605gamegroupproject\mygame\source\library\debug\mesh.obj
k:\eicg605gamegroupproject\mygame\source\library\debug\model.obj
k:\eicg605gamegroupproject\mygame\source\library\debug\modelmaterial.obj
k:\eicg605gamegroupproject\mygame\source\library\debug\mouse.obj
k:\eicg605gamegroupproject\mygame\source\library\debug\pass.obj
k:\eicg605gamegroupproject\mygame\source\library\debug\basicmaterial.obj
k:\eicg605gamegroupproject\mygame\source\library\debug\blendstates.obj
k:\eicg605gamegroupproject\mygame\source\library\debug\bloom.obj
k:\eicg605gamegroupproject\mygame\source\library\debug\bloommaterial.obj
k:\eicg605gamegroupproject\mygame\source\library\debug\boundingsphere.obj
k:\eicg605gamegroupproject\mygame\source\library\debug\buffercontainer.obj
k:\eicg605gamegroupproject\mygame\source\library\debug\camera.obj
k:\eicg605gamegroupproject\mygame\source\library\debug\colorhelper.obj
k:\eicg605gamegroupproject\mygame\source\library\debug\depthmap.obj
k:\eicg605gamegroupproject\mygame\source\library\debug\depthmapmaterial.obj
k:\eicg605gamegroupproject\mygame\source\library\debug\directionallight.obj
k:\eicg605gamegroupproject\mygame\source\library\debug\distortionmapping.obj
k:\eicg605gamegroupproject\mygame\source\library\debug\distortionmappingmaterial.obj
k:\eicg605gamegroupproject\mygame\source\library\debug\drawablegamecomponent.obj
k:\eicg605gamegroupproject\mygame\source\library\debug\effect.obj
k:\eicg605gamegroupproject\mygame\source\library\debug\firstpersoncamera.obj
k:\eicg605gamegroupproject\mygame\source\library\debug\fpscomponent.obj
c:\users\soclarke\source\repos\group3\mygame\source\library\debug\vc120.pdb
c:\users\soclarke\source\repos\group3\mygame\source\library\debug\vc120.idb
c:\users\soclarke\source\repos\group3\mygame\source\library\debug\pointlight.obj
c:\users\soclarke\source\repos\group3\mygame\source\library\debug\postprocessingmaterial.obj
c:\users\soclarke\source\repos\group3\mygame\source\library\debug\projectivetexturemappingmaterial.obj
c:\users\soclarke\source\repos\group3\mygame\source\library\debug\projector.obj
c:\users\soclarke\source\repos\group3\mygame\source\library\debug\proxymodel.obj
c:\users\soclarke\source\repos\group3\mygame\source\library\debug\rasterizerstates.obj
c:\users\soclarke\source\repos\group3\mygame\source\library\debug\ray.obj
c:\users\soclarke\source\repos\group3\mygame\source\library\debug\renderablefrustum.obj
c:\users\soclarke\source\repos\group3\mygame\source\library\debug\renderstatehelper.obj
c:\users\soclarke\source\repos\group3\mygame\source\library\debug\rendertarget.obj
c:\users\soclarke\source\repos\group3\mygame\source\library\debug\samplerstates.obj
c:\users\soclarke\source\repos\group3\mygame\source\library\debug\servicecontainer.obj
c:\users\soclarke\source\repos\group3\mygame\source\library\debug\shadowmappingmaterial.obj
c:\users\soclarke\source\repos\group3\mygame\source\library\debug\skybox.obj
c:\users\soclarke\source\repos\group3\mygame\source\library\debug\skyboxmaterial.obj
c:\users\soclarke\source\repos\group3\mygame\source\library\debug\spotlight.obj
c:\users\soclarke\source\repos\group3\mygame\source\library\debug\technique.obj
c:\users\soclarke\source\repos\group3\mygame\source\library\debug\utility.obj
c:\users\soclarke\source\repos\group3\mygame\source\library\debug\variable.obj
c:\users\soclarke\source\repos\group3\mygame\source\library\debug\vectorhelper.obj
c:\users\soclarke\source\repos\group3\mygame\source\library\debug\frustum.obj
c:\users\soclarke\source\repos\group3\mygame\source\library\debug\fullscreenquad.obj
c:\users\soclarke\source\repos\group3\mygame\source\library\debug\fullscreenrendertarget.obj
c:\users\soclarke\source\repos\group3\mygame\source\library\debug\game.obj
c:\users\soclarke\source\repos\group3\mygame\source\library\debug\gameclock.obj
c:\users\soclarke\source\repos\group3\mygame\source\library\debug\gamecomponent.obj
c:\users\soclarke\source\repos\group3\mygame\source\library\debug\gameexception.obj
c:\users\soclarke\source\repos\group3\mygame\source\library\debug\gametime.obj
c:\users\soclarke\source\repos\group3\mygame\source\library\debug\gaussianblur.obj
c:\users\soclarke\source\repos\group3\mygame\source\library\debug\gaussianblurmaterial.obj
c:\users\soclarke\source\repos\group3\mygame\source\library\debug\grid.obj
c:\users\soclarke\source\repos\group3\mygame\source\library\debug\keyboard.obj
c:\users\soclarke\source\repos\group3\mygame\source\library\debug\light.obj
c:\users\soclarke\source\repos\group3\mygame\source\library\debug\material.obj
c:\users\soclarke\source\repos\group3\mygame\source\library\debug\matrixhelper.obj
c:\users\soclarke\source\repos\group3\mygame\source\library\debug\mesh.obj
c:\users\soclarke\source\repos\group3\mygame\source\library\debug\model.obj
c:\users\soclarke\source\repos\group3\mygame\source\library\debug\modelmaterial.obj
c:\users\soclarke\source\repos\group3\mygame\source\library\debug\mouse.obj
c:\users\soclarke\source\repos\group3\mygame\source\library\debug\pass.obj
c:\users\soclarke\source\repos\group3\mygame\source\library\debug\basicmaterial.obj
c:\users\soclarke\source\repos\group3\mygame\source\library\debug\blendstates.obj
c:\users\soclarke\source\repos\group3\mygame\source\library\debug\bloom.obj
c:\users\soclarke\source\repos\group3\mygame\source\library\debug\bloommaterial.obj
c:\users\soclarke\source\repos\group3\mygame\source\library\debug\boundingsphere.obj
c:\users\soclarke\source\repos\group3\mygame\source\library\debug\buffercontainer.obj
c:\users\soclarke\source\repos\group3\mygame\source\library\debug\camera.obj
c:\users\soclarke\source\repos\group3\mygame\source\library\debug\colorhelper.obj
c:\users\soclarke\source\repos\group3\mygame\source\library\debug\depthmap.obj
c:\users\soclarke\source\repos\group3\mygame\source\library\debug\depthmapmaterial.obj
c:\users\soclarke\source\repos\group3\mygame\source\library\debug\directionallight.obj
c:\users\soclarke\source\repos\group3\mygame\source\library\debug\distortionmapping.obj
c:\users\soclarke\source\repos\group3\mygame\source\library\debug\distortionmappingmaterial.obj
c:\users\soclarke\source\repos\group3\mygame\source\library\debug\drawablegamecomponent.obj
c:\users\soclarke\source\repos\group3\mygame\source\library\debug\effect.obj
c:\users\soclarke\source\repos\group3\mygame\source\library\debug\firstpersoncamera.obj
c:\users\soclarke\source\repos\group3\mygame\source\library\debug\fpscomponent.obj
k:\eicg605gamegroupproject\mygame\build\debug\libraryd.lib
c:\users\soclarke\source\repos\group3\mygame\build\debug\libraryd.lib
c:\users\soclarke\source\repos\group3\mygame\source\library\debug\library.tlog\cl.command.1.tlog
c:\users\soclarke\source\repos\group3\mygame\source\library\debug\library.tlog\cl.read.1.tlog
c:\users\soclarke\source\repos\group3\mygame\source\library\debug\library.tlog\cl.write.1.tlog
c:\users\soclarke\source\repos\group3\mygame\source\library\debug\library.tlog\lib-link.read.1.tlog
c:\users\soclarke\source\repos\group3\mygame\source\library\debug\library.tlog\lib-link.write.1.tlog
c:\users\soclarke\source\repos\group3\mygame\source\library\debug\library.tlog\lib.command.1.tlog
