  Vertex.cpp
  c:\program files (x86)\windows kits\8.1\include\um\dinput.h: DIRECTINPUT_VERSION undefined. Defaulting to version 0x0800
  VectorHelper.cpp
  c:\program files (x86)\windows kits\8.1\include\um\dinput.h: DIRECTINPUT_VERSION undefined. Defaulting to version 0x0800
  Variable.cpp
  c:\program files (x86)\windows kits\8.1\include\um\dinput.h: DIRECTINPUT_VERSION undefined. Defaulting to version 0x0800
  Utility.cpp
  c:\program files (x86)\windows kits\8.1\include\um\dinput.h: DIRECTINPUT_VERSION undefined. Defaulting to version 0x0800
  Technique.cpp
  c:\program files (x86)\windows kits\8.1\include\um\dinput.h: DIRECTINPUT_VERSION undefined. Defaulting to version 0x0800
  SpotLight.cpp
  c:\program files (x86)\windows kits\8.1\include\um\dinput.h: DIRECTINPUT_VERSION undefined. Defaulting to version 0x0800
  SkyboxMaterial.cpp
  c:\program files (x86)\windows kits\8.1\include\um\dinput.h: DIRECTINPUT_VERSION undefined. Defaulting to version 0x0800
  Skybox.cpp
  c:\program files (x86)\windows kits\8.1\include\um\dinput.h: DIRECTINPUT_VERSION undefined. Defaulting to version 0x0800
  ShadowMappingMaterial.cpp
  c:\program files (x86)\windows kits\8.1\include\um\dinput.h: DIRECTINPUT_VERSION undefined. Defaulting to version 0x0800
  ServiceContainer.cpp
  c:\program files (x86)\windows kits\8.1\include\um\dinput.h: DIRECTINPUT_VERSION undefined. Defaulting to version 0x0800
  SamplerStates.cpp
  c:\program files (x86)\windows kits\8.1\include\um\dinput.h: DIRECTINPUT_VERSION undefined. Defaulting to version 0x0800
  RenderTarget.cpp
  c:\program files (x86)\windows kits\8.1\include\um\dinput.h: DIRECTINPUT_VERSION undefined. Defaulting to version 0x0800
  RenderStateHelper.cpp
  c:\program files (x86)\windows kits\8.1\include\um\dinput.h: DIRECTINPUT_VERSION undefined. Defaulting to version 0x0800
  RenderableFrustum.cpp
  c:\program files (x86)\windows kits\8.1\include\um\dinput.h: DIRECTINPUT_VERSION undefined. Defaulting to version 0x0800
  Ray.cpp
  c:\program files (x86)\windows kits\8.1\include\um\dinput.h: DIRECTINPUT_VERSION undefined. Defaulting to version 0x0800
  RasterizerStates.cpp
  c:\program files (x86)\windows kits\8.1\include\um\dinput.h: DIRECTINPUT_VERSION undefined. Defaulting to version 0x0800
  ProxyModel.cpp
  c:\program files (x86)\windows kits\8.1\include\um\dinput.h: DIRECTINPUT_VERSION undefined. Defaulting to version 0x0800
  Projector.cpp
  c:\program files (x86)\windows kits\8.1\include\um\dinput.h: DIRECTINPUT_VERSION undefined. Defaulting to version 0x0800
  ProjectiveTextureMappingMaterial.cpp
  c:\program files (x86)\windows kits\8.1\include\um\dinput.h: DIRECTINPUT_VERSION undefined. Defaulting to version 0x0800
  PostProcessingMaterial.cpp
  c:\program files (x86)\windows kits\8.1\include\um\dinput.h: DIRECTINPUT_VERSION undefined. Defaulting to version 0x0800
  Generating Code...
  Compiling...
  PointLight.cpp
  c:\program files (x86)\windows kits\8.1\include\um\dinput.h: DIRECTINPUT_VERSION undefined. Defaulting to version 0x0800
  Pass.cpp
  c:\program files (x86)\windows kits\8.1\include\um\dinput.h: DIRECTINPUT_VERSION undefined. Defaulting to version 0x0800
  Mouse.cpp
  c:\program files (x86)\windows kits\8.1\include\um\dinput.h: DIRECTINPUT_VERSION undefined. Defaulting to version 0x0800
  ModelMaterial.cpp
  c:\program files (x86)\windows kits\8.1\include\um\dinput.h: DIRECTINPUT_VERSION undefined. Defaulting to version 0x0800
  Model.cpp
  c:\program files (x86)\windows kits\8.1\include\um\dinput.h: DIRECTINPUT_VERSION undefined. Defaulting to version 0x0800
  Mesh.cpp
  c:\program files (x86)\windows kits\8.1\include\um\dinput.h: DIRECTINPUT_VERSION undefined. Defaulting to version 0x0800
  MatrixHelper.cpp
  c:\program files (x86)\windows kits\8.1\include\um\dinput.h: DIRECTINPUT_VERSION undefined. Defaulting to version 0x0800
  Material.cpp
  c:\program files (x86)\windows kits\8.1\include\um\dinput.h: DIRECTINPUT_VERSION undefined. Defaulting to version 0x0800
  Light.cpp
  c:\program files (x86)\windows kits\8.1\include\um\dinput.h: DIRECTINPUT_VERSION undefined. Defaulting to version 0x0800
  Keyboard.cpp
  c:\program files (x86)\windows kits\8.1\include\um\dinput.h: DIRECTINPUT_VERSION undefined. Defaulting to version 0x0800
  Grid.cpp
  c:\program files (x86)\windows kits\8.1\include\um\dinput.h: DIRECTINPUT_VERSION undefined. Defaulting to version 0x0800
  GaussianBlurMaterial.cpp
  c:\program files (x86)\windows kits\8.1\include\um\dinput.h: DIRECTINPUT_VERSION undefined. Defaulting to version 0x0800
  GaussianBlur.cpp
  c:\program files (x86)\windows kits\8.1\include\um\dinput.h: DIRECTINPUT_VERSION undefined. Defaulting to version 0x0800
  GameTime.cpp
  GameException.cpp
  GameComponent.cpp
  c:\program files (x86)\windows kits\8.1\include\um\dinput.h: DIRECTINPUT_VERSION undefined. Defaulting to version 0x0800
  GameClock.cpp
  Game.cpp
  c:\program files (x86)\windows kits\8.1\include\um\dinput.h: DIRECTINPUT_VERSION undefined. Defaulting to version 0x0800
  FullScreenRenderTarget.cpp
  c:\program files (x86)\windows kits\8.1\include\um\dinput.h: DIRECTINPUT_VERSION undefined. Defaulting to version 0x0800
  FullScreenQuad.cpp
  c:\program files (x86)\windows kits\8.1\include\um\dinput.h: DIRECTINPUT_VERSION undefined. Defaulting to version 0x0800
  Generating Code...
  Compiling...
  Frustum.cpp
  c:\program files (x86)\windows kits\8.1\include\um\dinput.h: DIRECTINPUT_VERSION undefined. Defaulting to version 0x0800
  FpsComponent.cpp
  c:\program files (x86)\windows kits\8.1\include\um\dinput.h: DIRECTINPUT_VERSION undefined. Defaulting to version 0x0800
  FirstPersonCamera.cpp
  c:\program files (x86)\windows kits\8.1\include\um\dinput.h: DIRECTINPUT_VERSION undefined. Defaulting to version 0x0800
  Effect.cpp
  c:\program files (x86)\windows kits\8.1\include\um\dinput.h: DIRECTINPUT_VERSION undefined. Defaulting to version 0x0800
  DrawableGameComponent.cpp
  c:\program files (x86)\windows kits\8.1\include\um\dinput.h: DIRECTINPUT_VERSION undefined. Defaulting to version 0x0800
  DistortionMappingMaterial.cpp
  c:\program files (x86)\windows kits\8.1\include\um\dinput.h: DIRECTINPUT_VERSION undefined. Defaulting to version 0x0800
  DistortionMapping.cpp
  c:\program files (x86)\windows kits\8.1\include\um\dinput.h: DIRECTINPUT_VERSION undefined. Defaulting to version 0x0800
  DirectionalLight.cpp
  c:\program files (x86)\windows kits\8.1\include\um\dinput.h: DIRECTINPUT_VERSION undefined. Defaulting to version 0x0800
  DepthMapMaterial.cpp
  c:\program files (x86)\windows kits\8.1\include\um\dinput.h: DIRECTINPUT_VERSION undefined. Defaulting to version 0x0800
  DepthMap.cpp
  c:\program files (x86)\windows kits\8.1\include\um\dinput.h: DIRECTINPUT_VERSION undefined. Defaulting to version 0x0800
  ColorHelper.cpp
  c:\program files (x86)\windows kits\8.1\include\um\dinput.h: DIRECTINPUT_VERSION undefined. Defaulting to version 0x0800
  Camera.cpp
  c:\program files (x86)\windows kits\8.1\include\um\dinput.h: DIRECTINPUT_VERSION undefined. Defaulting to version 0x0800
  BufferContainer.cpp
  c:\program files (x86)\windows kits\8.1\include\um\dinput.h: DIRECTINPUT_VERSION undefined. Defaulting to version 0x0800
  BoundingSphere.cpp
  c:\program files (x86)\windows kits\8.1\include\um\dinput.h: DIRECTINPUT_VERSION undefined. Defaulting to version 0x0800
  BloomMaterial.cpp
  c:\program files (x86)\windows kits\8.1\include\um\dinput.h: DIRECTINPUT_VERSION undefined. Defaulting to version 0x0800
  Bloom.cpp
  c:\program files (x86)\windows kits\8.1\include\um\dinput.h: DIRECTINPUT_VERSION undefined. Defaulting to version 0x0800
  BlendStates.cpp
  c:\program files (x86)\windows kits\8.1\include\um\dinput.h: DIRECTINPUT_VERSION undefined. Defaulting to version 0x0800
  BasicMaterial.cpp
  c:\program files (x86)\windows kits\8.1\include\um\dinput.h: DIRECTINPUT_VERSION undefined. Defaulting to version 0x0800
  Generating Code...
  library.vcxproj -> D:\Users\alexn_000\Documents\Visual Studio 2013\Projects\Group3Game\Group3Game-master\Group3\myGame\build\Debug\libraryD.lib
  A subdirectory or file D:\Users\alexn_000\Documents\Visual Studio 2013\Projects\Group3Game\Group3Game-master\Group3\myGame\build\..\lib\ already exists.
          1 file(s) copied.
