  A subdirectory or file D:\Users\alexn_000\Documents\Visual Studio 2013\Projects\Group3Game\Group3Game-master\Group3\myGame\build\Debug\Content already exists.
  D:\Users\alexn_000\Documents\Visual Studio 2013\Projects\Group3Game\Group3Game-master\Group3\myGame\build\..\content\Data\keys.xml
  D:\Users\alexn_000\Documents\Visual Studio 2013\Projects\Group3Game\Group3Game-master\Group3\myGame\build\..\content\Data\menu.xml
  D:\Users\alexn_000\Documents\Visual Studio 2013\Projects\Group3Game\Group3Game-master\Group3\myGame\build\..\content\Effects\BasicEffect.cso
  D:\Users\alexn_000\Documents\Visual Studio 2013\Projects\Group3Game\Group3Game-master\Group3\myGame\build\..\content\Effects\BasicEffect.fx
  D:\Users\alexn_000\Documents\Visual Studio 2013\Projects\Group3Game\Group3Game-master\Group3\myGame\build\..\content\Effects\DepthMap.cso
  D:\Users\alexn_000\Documents\Visual Studio 2013\Projects\Group3Game\Group3Game-master\Group3\myGame\build\..\content\Effects\DepthMap.fx
  D:\Users\alexn_000\Documents\Visual Studio 2013\Projects\Group3Game\Group3Game-master\Group3\myGame\build\..\content\Effects\DiffuseLighting.fx
  D:\Users\alexn_000\Documents\Visual Studio 2013\Projects\Group3Game\Group3Game-master\Group3\myGame\build\..\content\Effects\ShadowMapping.cso
  D:\Users\alexn_000\Documents\Visual Studio 2013\Projects\Group3Game\Group3Game-master\Group3\myGame\build\..\content\Effects\ShadowMapping.fx
  D:\Users\alexn_000\Documents\Visual Studio 2013\Projects\Group3Game\Group3Game-master\Group3\myGame\build\..\content\Effects\TextureMapping.cso
  D:\Users\alexn_000\Documents\Visual Studio 2013\Projects\Group3Game\Group3Game-master\Group3\myGame\build\..\content\Effects\TextureMapping.fx
  D:\Users\alexn_000\Documents\Visual Studio 2013\Projects\Group3Game\Group3Game-master\Group3\myGame\build\..\content\Effects\include\Common.fxh
  D:\Users\alexn_000\Documents\Visual Studio 2013\Projects\Group3Game\Group3Game-master\Group3\myGame\build\..\content\Fonts\Arial_14_Regular.spritefont
  D:\Users\alexn_000\Documents\Visual Studio 2013\Projects\Group3Game\Group3Game-master\Group3\myGame\build\..\content\Models\bench.3DS
  D:\Users\alexn_000\Documents\Visual Studio 2013\Projects\Group3Game\Group3Game-master\Group3\myGame\build\..\content\Models\Box.3DS
  D:\Users\alexn_000\Documents\Visual Studio 2013\Projects\Group3Game\Group3Game-master\Group3\myGame\build\..\content\Models\DirectionalLightProxy.mtl
  D:\Users\alexn_000\Documents\Visual Studio 2013\Projects\Group3Game\Group3Game-master\Group3\myGame\build\..\content\Models\DirectionalLightProxy.obj
  D:\Users\alexn_000\Documents\Visual Studio 2013\Projects\Group3Game\Group3Game-master\Group3\myGame\build\..\content\Models\house.3DS
  D:\Users\alexn_000\Documents\Visual Studio 2013\Projects\Group3Game\Group3Game-master\Group3\myGame\build\..\content\Models\miguel.3DS
  D:\Users\alexn_000\Documents\Visual Studio 2013\Projects\Group3Game\Group3Game-master\Group3\myGame\build\..\content\Models\OBBProxy.3DS
  D:\Users\alexn_000\Documents\Visual Studio 2013\Projects\Group3Game\Group3Game-master\Group3\myGame\build\..\content\Models\plane.blend
  D:\Users\alexn_000\Documents\Visual Studio 2013\Projects\Group3Game\Group3Game-master\Group3\myGame\build\..\content\Models\plane.mtl
  D:\Users\alexn_000\Documents\Visual Studio 2013\Projects\Group3Game\Group3Game-master\Group3\myGame\build\..\content\Models\plane.obj
  D:\Users\alexn_000\Documents\Visual Studio 2013\Projects\Group3Game\Group3Game-master\Group3\myGame\build\..\content\Models\PointLightProxy.mtl
  D:\Users\alexn_000\Documents\Visual Studio 2013\Projects\Group3Game\Group3Game-master\Group3\myGame\build\..\content\Models\PointLightProxy.obj
  D:\Users\alexn_000\Documents\Visual Studio 2013\Projects\Group3Game\Group3Game-master\Group3\myGame\build\..\content\Textures\bench.jpg
  D:\Users\alexn_000\Documents\Visual Studio 2013\Projects\Group3Game\Group3Game-master\Group3\myGame\build\..\content\Textures\Box.png
  D:\Users\alexn_000\Documents\Visual Studio 2013\Projects\Group3Game\Group3Game-master\Group3\myGame\build\..\content\Textures\grass.jpg
  D:\Users\alexn_000\Documents\Visual Studio 2013\Projects\Group3Game\Group3Game-master\Group3\myGame\build\..\content\Textures\house.bmp
  D:\Users\alexn_000\Documents\Visual Studio 2013\Projects\Group3Game\Group3Game-master\Group3\myGame\build\..\content\Textures\miguel.png
  D:\Users\alexn_000\Documents\Visual Studio 2013\Projects\Group3Game\Group3Game-master\Group3\myGame\build\..\content\Textures\plane.png
  D:\Users\alexn_000\Documents\Visual Studio 2013\Projects\Group3Game\Group3Game-master\Group3\myGame\build\..\content\Textures\white.jpg
  32 File(s) copied
  Player.cpp
  c:\program files (x86)\windows kits\8.1\include\um\dinput.h: DIRECTINPUT_VERSION undefined. Defaulting to version 0x0800
  Generating Code...
  Compiling...
  Program.cpp
  c:\program files (x86)\windows kits\8.1\include\um\dinput.h: DIRECTINPUT_VERSION undefined. Defaulting to version 0x0800
  PlatformGame.cpp
  c:\program files (x86)\windows kits\8.1\include\um\dinput.h: DIRECTINPUT_VERSION undefined. Defaulting to version 0x0800
d:\users\alexn_000\documents\visual studio 2013\projects\group3game\group3game-master\group3\mygame\source\game\platformgame.cpp(254): warning C4018: '<' : signed/unsigned mismatch
d:\users\alexn_000\documents\visual studio 2013\projects\group3game\group3game-master\group3\mygame\source\game\platformgame.cpp(268): warning C4150: deletion of pointer to incomplete type 'Rendering::Platformer'; no destructor called
          d:\users\alexn_000\documents\visual studio 2013\projects\group3game\group3game-master\group3\mygame\source\game\platformgame.h(89) : see declaration of 'Rendering::Platformer'
d:\users\alexn_000\documents\visual studio 2013\projects\group3game\group3game-master\group3\mygame\source\game\platformgame.cpp(378): warning C4018: '<' : signed/unsigned mismatch
d:\users\alexn_000\documents\visual studio 2013\projects\group3game\group3game-master\group3\mygame\source\game\platformgame.cpp(449): warning C4018: '<' : signed/unsigned mismatch
d:\users\alexn_000\documents\visual studio 2013\projects\group3game\group3game-master\group3\mygame\source\game\platformgame.cpp(538): warning C4018: '<' : signed/unsigned mismatch
  Generating Code...
  game.vcxproj -> D:\Users\alexn_000\Documents\Visual Studio 2013\Projects\Group3Game\Group3Game-master\Group3\myGame\build\Debug\game.exe
  D:\Users\alexn_000\Documents\Visual Studio 2013\Projects\Group3Game\Group3Game-master\Group3\myGame\build\..\..\external\assimp\bin\assimp_debug-dll_win32\assimpd.dll
          1 file(s) copied.
