k:\eicg605gamegroupproject\mygame\source\game\debug\vc120.pdb
k:\eicg605gamegroupproject\mygame\source\game\debug\vc120.idb
k:\eicg605gamegroupproject\mygame\source\game\debug\diffuselightingmaterial.obj
k:\eicg605gamegroupproject\mygame\source\game\debug\modelfromfile.obj
k:\eicg605gamegroupproject\mygame\source\game\debug\objectdiffuselight.obj
k:\eicg605gamegroupproject\mygame\source\game\debug\program.obj
k:\eicg605gamegroupproject\mygame\source\game\debug\renderinggame.obj
k:\eicg605gamegroupproject\mygame\source\game\debug\triangledemo.obj
k:\eicg605gamegroupproject\mygame\source\game\debug\shadowmappingdemo.obj
c:\users\soclarke\source\repos\group3\mygame\source\game\debug\vc120.pdb
c:\users\soclarke\source\repos\group3\mygame\source\game\debug\vc120.idb
c:\users\soclarke\source\repos\group3\mygame\source\game\debug\program.obj
c:\users\soclarke\source\repos\group3\mygame\source\game\debug\renderinggame.obj
c:\users\soclarke\source\repos\group3\mygame\source\game\debug\shadowmappingdemo.obj
k:\eicg605gamegroupproject\mygame\build\debug\content\effects\diffuselighting.cso
c:\users\soclarke\source\repos\group3\mygame\build\debug\content\effects\diffuselighting.cso
k:\eicg605gamegroupproject\mygame\build\debug\game.ilk
k:\eicg605gamegroupproject\mygame\build\debug\game.exe
k:\eicg605gamegroupproject\mygame\build\debug\game.pdb
c:\users\soclarke\source\repos\group3\mygame\build\debug\game.ilk
c:\users\soclarke\source\repos\group3\mygame\build\debug\game.exe
c:\users\soclarke\source\repos\group3\mygame\build\debug\game.pdb
c:\users\soclarke\source\repos\group3\mygame\source\game\debug\diffuselightingmaterial.obj
c:\users\soclarke\source\repos\group3\mygame\source\game\debug\modelfromfile.obj
c:\users\soclarke\source\repos\group3\mygame\source\game\debug\objectdiffuselight.obj
c:\users\soclarke\source\repos\group3\mygame\source\game\debug\triangledemo.obj
c:\users\soclarke\source\repos\group3\mygame\source\game\debug\game.tlog\cl.command.1.tlog
c:\users\soclarke\source\repos\group3\mygame\source\game\debug\game.tlog\cl.read.1.tlog
c:\users\soclarke\source\repos\group3\mygame\source\game\debug\game.tlog\cl.write.1.tlog
c:\users\soclarke\source\repos\group3\mygame\source\game\debug\game.tlog\fxc.command.1.tlog
c:\users\soclarke\source\repos\group3\mygame\source\game\debug\game.tlog\fxc.read.1.tlog
c:\users\soclarke\source\repos\group3\mygame\source\game\debug\game.tlog\fxc.write.1.tlog
c:\users\soclarke\source\repos\group3\mygame\source\game\debug\game.tlog\game.write.1u.tlog
c:\users\soclarke\source\repos\group3\mygame\source\game\debug\game.tlog\link.command.1.tlog
c:\users\soclarke\source\repos\group3\mygame\source\game\debug\game.tlog\link.read.1.tlog
c:\users\soclarke\source\repos\group3\mygame\source\game\debug\game.tlog\link.write.1.tlog
